example/build/app/intermediates/manifest_merge_blame_file/debug/manifest-merger-blame-debug-report.txt
1<?xml version="1.0" encoding="utf-8"?>
2<manifest xmlns:android="http://schemas.android.com/apk/res/android"
3    package="com.signify.hue.reactivebleexample"
4    android:versionCode="1"
5    android:versionName="5.0.3" >
6
7    <uses-sdk
8        android:minSdkVersion="21"
8-->src/main/AndroidManifest.xml
9        android:targetSdkVersion="31" />
9-->src/main/AndroidManifest.xml
10
11    <!-- required for bluetooth usage -->
12    <uses-permission
12-->src/main/AndroidManifest.xml:5:5-120
13        android:name="android.permission.BLUETOOTH_SCAN"
13-->src/main/AndroidManifest.xml:5:22-70
14        android:usesPermissionFlags="neverForLocation" />
14-->src/main/AndroidManifest.xml:5:71-117
15    <uses-permission android:name="android.permission.BLUETOOTH_CONNECT" />
15-->src/main/AndroidManifest.xml:6:5-76
15-->src/main/AndroidManifest.xml:6:22-73
16    <uses-permission
16-->src/main/AndroidManifest.xml:7:5-106
17        android:name="android.permission.ACCESS_FINE_LOCATION"
17-->src/main/AndroidManifest.xml:7:22-76
18        android:maxSdkVersion="30" />
18-->src/main/AndroidManifest.xml:7:77-103
19    <uses-permission
19-->src/main/AndroidManifest.xml:8:5-108
20        android:name="android.permission.ACCESS_COARSE_LOCATION"
20-->src/main/AndroidManifest.xml:8:22-78
21        android:maxSdkVersion="30" />
21-->src/main/AndroidManifest.xml:8:79-105
22    <uses-permission android:name="android.permission.INTERNET" />
22-->src/main/AndroidManifest.xml:10:5-67
22-->src/main/AndroidManifest.xml:10:22-64
23    <!-- required for API 18 - 30 -->
24    <uses-permission
24-->src/main/AndroidManifest.xml:12:5-14:42
25        android:name="android.permission.BLUETOOTH"
25-->src/main/AndroidManifest.xml:13:13-56
26        android:maxSdkVersion="30" />
26-->src/main/AndroidManifest.xml:14:13-39
27    <uses-permission
27-->src/main/AndroidManifest.xml:15:5-17:42
28        android:name="android.permission.BLUETOOTH_ADMIN"
28-->src/main/AndroidManifest.xml:16:13-62
29        android:maxSdkVersion="30" />
29-->src/main/AndroidManifest.xml:17:13-39
30
31    <!-- required for API 23 - 30 -->
32    <uses-permission-sdk-23
32-->src/main/AndroidManifest.xml:20:5-22:42
33        android:name="android.permission.ACCESS_COARSE_LOCATION"
33-->src/main/AndroidManifest.xml:21:13-69
34        android:maxSdkVersion="30" />
34-->src/main/AndroidManifest.xml:22:13-39
35    <uses-permission-sdk-23
35-->src/main/AndroidManifest.xml:23:5-25:42
36        android:name="android.permission.ACCESS_FINE_LOCATION"
36-->src/main/AndroidManifest.xml:24:13-67
37        android:maxSdkVersion="30" />
37-->src/main/AndroidManifest.xml:25:13-39
38
39    <!-- API 31+ -->
40    <uses-permission android:name="android.permission.BLUETOOTH_CONNECT" />
40-->src/main/AndroidManifest.xml:6:5-76
40-->src/main/AndroidManifest.xml:6:22-73
41    <uses-permission
41-->src/main/AndroidManifest.xml:5:5-120
42        android:name="android.permission.BLUETOOTH_SCAN"
42-->src/main/AndroidManifest.xml:5:22-70
43        android:usesPermissionFlags="neverForLocation" />
43-->src/main/AndroidManifest.xml:5:71-117
44
45    <meta-data
45-->src/main/AndroidManifest.xml:52:5-54:29
46        android:name="flutterEmbedding"
46-->src/main/AndroidManifest.xml:53:9-40
47        android:value="2" />
47-->src/main/AndroidManifest.xml:54:9-26
48
49    <application
49-->src/main/AndroidManifest.xml:33:5-50:19
50        android:appComponentFactory="androidx.core.app.CoreComponentFactory"
50-->[androidx.core:core:1.6.0] AndroidManifest.xml:24:18-86
51        android:debuggable="true"
52        android:icon="@mipmap/ic_launcher"
52-->src/main/AndroidManifest.xml:35:9-43
53        android:label="flutter_reactive_ble_example" >
53-->src/main/AndroidManifest.xml:34:9-53
54        <activity
54-->src/main/AndroidManifest.xml:36:9-49:20
55            android:name="com.signify.hue.reactivebleexample.MainActivity"
55-->src/main/AndroidManifest.xml:37:13-75
56            android:configChanges="orientation|keyboardHidden|keyboard|screenSize|locale|layoutDirection|fontScale|screenLayout|density"
56-->src/main/AndroidManifest.xml:40:13-137
57            android:exported="true"
57-->src/main/AndroidManifest.xml:43:13-36
58            android:hardwareAccelerated="true"
58-->src/main/AndroidManifest.xml:41:13-47
59            android:launchMode="singleTop"
59-->src/main/AndroidManifest.xml:38:13-43
60            android:theme="@style/LaunchTheme"
60-->src/main/AndroidManifest.xml:39:13-47
61            android:windowSoftInputMode="adjustResize" >
61-->src/main/AndroidManifest.xml:42:13-55
62            <intent-filter>
62-->src/main/AndroidManifest.xml:45:13-48:29
63                <action android:name="android.intent.action.MAIN" />
63-->src/main/AndroidManifest.xml:46:17-68
63-->src/main/AndroidManifest.xml:46:25-66
64
65                <category android:name="android.intent.category.LAUNCHER" />
65-->src/main/AndroidManifest.xml:47:17-76
65-->src/main/AndroidManifest.xml:47:27-74
66            </intent-filter>
67        </activity>
68
69        <uses-library
69-->[androidx.window:window:1.0.0-beta04] AndroidManifest.xml:25:9-27:40
70            android:name="androidx.window.extensions"
70-->[androidx.window:window:1.0.0-beta04] AndroidManifest.xml:26:13-54
71            android:required="false" />
71-->[androidx.window:window:1.0.0-beta04] AndroidManifest.xml:27:13-37
72        <uses-library
72-->[androidx.window:window:1.0.0-beta04] AndroidManifest.xml:28:9-30:40
73            android:name="androidx.window.sidecar"
73-->[androidx.window:window:1.0.0-beta04] AndroidManifest.xml:29:13-51
74            android:required="false" />
74-->[androidx.window:window:1.0.0-beta04] AndroidManifest.xml:30:13-37
75    </application>
76
77</manifest>